{"/Users/mary_e/Documents/DECAGON TRAINING/Bond Exercises/8. contact-app-api/src/app.ts": {"path":"/Users/mary_e/Documents/DECAGON TRAINING/Bond Exercises/8. contact-app-api/src/app.ts","statementMap":{"0":{"start":{"line":1,"column":0},"end":{"line":1,"column":38}},"1":{"start":{"line":2,"column":0},"end":{"line":2,"column":30}},"2":{"start":{"line":3,"column":0},"end":{"line":3,"column":24}},"3":{"start":{"line":4,"column":0},"end":{"line":4,"column":41}},"4":{"start":{"line":5,"column":0},"end":{"line":5,"column":28}},"5":{"start":{"line":6,"column":0},"end":{"line":6,"column":24}},"6":{"start":{"line":7,"column":0},"end":{"line":7,"column":32}},"7":{"start":{"line":8,"column":0},"end":{"line":8,"column":23}},"8":{"start":{"line":10,"column":0},"end":{"line":10,"column":46}},"9":{"start":{"line":11,"column":0},"end":{"line":11,"column":60}},"10":{"start":{"line":15,"column":12},"end":{"line":15,"column":21}},"11":{"start":{"line":18,"column":0},"end":{"line":18,"column":51}},"12":{"start":{"line":19,"column":0},"end":{"line":19,"column":30}},"13":{"start":{"line":21,"column":0},"end":{"line":21,"column":16}},"14":{"start":{"line":22,"column":0},"end":{"line":22,"column":23}},"15":{"start":{"line":23,"column":0},"end":{"line":23,"column":24}},"16":{"start":{"line":24,"column":0},"end":{"line":24,"column":49}},"17":{"start":{"line":25,"column":0},"end":{"line":25,"column":24}},"18":{"start":{"line":26,"column":0},"end":{"line":26,"column":59}},"19":{"start":{"line":28,"column":12},"end":{"line":28,"column":34}},"20":{"start":{"line":29,"column":0},"end":{"line":29,"column":null}},"21":{"start":{"line":31,"column":19},"end":{"line":31,"column":38}},"22":{"start":{"line":32,"column":0},"end":{"line":34,"column":3}},"23":{"start":{"line":33,"column":1},"end":{"line":33,"column":69}},"24":{"start":{"line":36,"column":0},"end":{"line":36,"column":36}},"25":{"start":{"line":37,"column":0},"end":{"line":37,"column":51}},"26":{"start":{"line":40,"column":0},"end":{"line":42,"column":3}},"27":{"start":{"line":41,"column":1},"end":{"line":41,"column":24}},"28":{"start":{"line":45,"column":0},"end":{"line":53,"column":3}},"29":{"start":{"line":47,"column":1},"end":{"line":47,"column":34}},"30":{"start":{"line":48,"column":1},"end":{"line":48,"column":68}},"31":{"start":{"line":51,"column":1},"end":{"line":51,"column":31}},"32":{"start":{"line":52,"column":1},"end":{"line":52,"column":21}},"33":{"start":{"line":55,"column":0},"end":{"line":55,"column":19}}},"fnMap":{"0":{"name":"(anonymous_1)","decl":{"start":{"line":32,"column":24},"end":{"line":32,"column":27}},"loc":{"start":{"line":32,"column":29},"end":{"line":34,"column":1}}},"1":{"name":"(anonymous_2)","decl":{"start":{"line":40,"column":8},"end":{"line":40,"column":17}},"loc":{"start":{"line":40,"column":33},"end":{"line":42,"column":1}}},"2":{"name":"(anonymous_3)","decl":{"start":{"line":45,"column":8},"end":{"line":45,"column":17}},"loc":{"start":{"line":45,"column":99},"end":{"line":53,"column":1}}}},"branchMap":{"0":{"loc":{"start":{"line":48,"column":59},"end":{"line":48,"column":62}},"type":"cond-expr","locations":[{"start":{"line":48,"column":59},"end":{"line":48,"column":62}},{"start":{"line":48,"column":65},"end":{"line":48,"column":67}}]},"1":{"loc":{"start":{"line":51,"column":12},"end":{"line":51,"column":22}},"type":"binary-expr","locations":[{"start":{"line":51,"column":12},"end":{"line":51,"column":22}},{"start":{"line":51,"column":26},"end":{"line":51,"column":29}}]}},"s":{"0":1,"1":1,"2":1,"3":1,"4":1,"5":1,"6":1,"7":1,"8":1,"9":1,"10":1,"11":1,"12":1,"13":1,"14":1,"15":1,"16":1,"17":1,"18":1,"19":1,"20":1,"21":1,"22":1,"23":1,"24":1,"25":1,"26":1,"27":0,"28":1,"29":0,"30":0,"31":0,"32":0,"33":1},"f":{"0":1,"1":0,"2":0},"b":{"0":[0,0],"1":[0,0]}}
,"/Users/mary_e/Documents/DECAGON TRAINING/Bond Exercises/8. contact-app-api/src/models/contacts.model.ts": {"path":"/Users/mary_e/Documents/DECAGON TRAINING/Bond Exercises/8. contact-app-api/src/models/contacts.model.ts","statementMap":{"0":{"start":{"line":1,"column":0},"end":{"line":1,"column":32}},"1":{"start":{"line":9,"column":15},"end":{"line":9,"column":30}},"2":{"start":{"line":11,"column":22},"end":{"line":17,"column":2}},"3":{"start":{"line":19,"column":13},"end":{"line":19,"column":80}}},"fnMap":{},"branchMap":{},"s":{"0":1,"1":1,"2":1,"3":1},"f":{},"b":{}}
,"/Users/mary_e/Documents/DECAGON TRAINING/Bond Exercises/8. contact-app-api/src/routes/blockedContacts.ts": {"path":"/Users/mary_e/Documents/DECAGON TRAINING/Bond Exercises/8. contact-app-api/src/routes/blockedContacts.ts","statementMap":{"0":{"start":{"line":1,"column":0},"end":{"line":1,"column":30}},"1":{"start":{"line":3,"column":0},"end":{"line":3,"column":51}},"2":{"start":{"line":7,"column":15},"end":{"line":7,"column":31}},"3":{"start":{"line":19,"column":0},"end":{"line":23,"column":3}},"4":{"start":{"line":20,"column":1},"end":{"line":22,"column":55}},"5":{"start":{"line":21,"column":20},"end":{"line":21,"column":71}},"6":{"start":{"line":22,"column":16},"end":{"line":22,"column":53}},"7":{"start":{"line":65,"column":0},"end":{"line":65,"column":22}}},"fnMap":{"0":{"name":"(anonymous_1)","decl":{"start":{"line":19,"column":16},"end":{"line":19,"column":17}},"loc":{"start":{"line":19,"column":37},"end":{"line":23,"column":1}}},"1":{"name":"(anonymous_2)","decl":{"start":{"line":21,"column":8},"end":{"line":21,"column":16}},"loc":{"start":{"line":21,"column":20},"end":{"line":21,"column":71}}},"2":{"name":"(anonymous_3)","decl":{"start":{"line":22,"column":9},"end":{"line":22,"column":12}},"loc":{"start":{"line":22,"column":16},"end":{"line":22,"column":53}}}},"branchMap":{},"s":{"0":1,"1":1,"2":1,"3":1,"4":1,"5":1,"6":0,"7":1},"f":{"0":1,"1":1,"2":0},"b":{}}
,"/Users/mary_e/Documents/DECAGON TRAINING/Bond Exercises/8. contact-app-api/src/routes/contacts.ts": {"path":"/Users/mary_e/Documents/DECAGON TRAINING/Bond Exercises/8. contact-app-api/src/routes/contacts.ts","statementMap":{"0":{"start":{"line":1,"column":0},"end":{"line":1,"column":30}},"1":{"start":{"line":2,"column":0},"end":{"line":2,"column":28}},"2":{"start":{"line":3,"column":0},"end":{"line":3,"column":51}},"3":{"start":{"line":5,"column":15},"end":{"line":5,"column":31}},"4":{"start":{"line":16,"column":22},"end":{"line":16,"column":49}},"5":{"start":{"line":19,"column":22},"end":{"line":39,"column":2}},"6":{"start":{"line":42,"column":28},"end":{"line":48,"column":2}},"7":{"start":{"line":51,"column":0},"end":{"line":73,"column":3}},"8":{"start":{"line":52,"column":26},"end":{"line":58,"column":null}},"9":{"start":{"line":61,"column":1},"end":{"line":65,"column":null}},"10":{"start":{"line":62,"column":2},"end":{"line":62,"column":34}},"11":{"start":{"line":64,"column":2},"end":{"line":64,"column":9}},"12":{"start":{"line":67,"column":20},"end":{"line":67,"column":45}},"13":{"start":{"line":69,"column":1},"end":{"line":72,"column":55}},"14":{"start":{"line":71,"column":14},"end":{"line":71,"column":103}},"15":{"start":{"line":72,"column":16},"end":{"line":72,"column":53}},"16":{"start":{"line":76,"column":0},"end":{"line":80,"column":3}},"17":{"start":{"line":77,"column":1},"end":{"line":79,"column":55}},"18":{"start":{"line":78,"column":20},"end":{"line":78,"column":64}},"19":{"start":{"line":79,"column":16},"end":{"line":79,"column":53}},"20":{"start":{"line":83,"column":0},"end":{"line":87,"column":3}},"21":{"start":{"line":84,"column":1},"end":{"line":86,"column":48}},"22":{"start":{"line":85,"column":19},"end":{"line":85,"column":61}},"23":{"start":{"line":86,"column":16},"end":{"line":86,"column":46}},"24":{"start":{"line":90,"column":0},"end":{"line":96,"column":3}},"25":{"start":{"line":91,"column":1},"end":{"line":95,"column":55}},"26":{"start":{"line":93,"column":3},"end":{"line":93,"column":89}},"27":{"start":{"line":95,"column":16},"end":{"line":95,"column":53}},"28":{"start":{"line":99,"column":0},"end":{"line":118,"column":3}},"29":{"start":{"line":100,"column":26},"end":{"line":103,"column":3}},"30":{"start":{"line":105,"column":1},"end":{"line":109,"column":null}},"31":{"start":{"line":106,"column":2},"end":{"line":106,"column":34}},"32":{"start":{"line":108,"column":2},"end":{"line":108,"column":9}},"33":{"start":{"line":111,"column":1},"end":{"line":115,"column":55}},"34":{"start":{"line":113,"column":3},"end":{"line":113,"column":49}},"35":{"start":{"line":115,"column":16},"end":{"line":115,"column":53}},"36":{"start":{"line":120,"column":0},"end":{"line":120,"column":22}}},"fnMap":{"0":{"name":"(anonymous_1)","decl":{"start":{"line":51,"column":17},"end":{"line":51,"column":18}},"loc":{"start":{"line":51,"column":37},"end":{"line":73,"column":1}}},"1":{"name":"(anonymous_2)","decl":{"start":{"line":71,"column":8},"end":{"line":71,"column":11}},"loc":{"start":{"line":71,"column":14},"end":{"line":71,"column":103}}},"2":{"name":"(anonymous_3)","decl":{"start":{"line":72,"column":9},"end":{"line":72,"column":12}},"loc":{"start":{"line":72,"column":16},"end":{"line":72,"column":53}}},"3":{"name":"(anonymous_4)","decl":{"start":{"line":76,"column":16},"end":{"line":76,"column":17}},"loc":{"start":{"line":76,"column":37},"end":{"line":80,"column":1}}},"4":{"name":"(anonymous_5)","decl":{"start":{"line":78,"column":8},"end":{"line":78,"column":16}},"loc":{"start":{"line":78,"column":20},"end":{"line":78,"column":64}}},"5":{"name":"(anonymous_6)","decl":{"start":{"line":79,"column":9},"end":{"line":79,"column":12}},"loc":{"start":{"line":79,"column":16},"end":{"line":79,"column":53}}},"6":{"name":"(anonymous_7)","decl":{"start":{"line":83,"column":26},"end":{"line":83,"column":27}},"loc":{"start":{"line":83,"column":46},"end":{"line":87,"column":1}}},"7":{"name":"(anonymous_8)","decl":{"start":{"line":85,"column":8},"end":{"line":85,"column":15}},"loc":{"start":{"line":85,"column":19},"end":{"line":85,"column":61}}},"8":{"name":"(anonymous_9)","decl":{"start":{"line":86,"column":9},"end":{"line":86,"column":12}},"loc":{"start":{"line":86,"column":16},"end":{"line":86,"column":46}}},"9":{"name":"(anonymous_10)","decl":{"start":{"line":90,"column":29},"end":{"line":90,"column":30}},"loc":{"start":{"line":90,"column":49},"end":{"line":96,"column":1}}},"10":{"name":"(anonymous_11)","decl":{"start":{"line":92,"column":8},"end":{"line":92,"column":15}},"loc":{"start":{"line":92,"column":18},"end":{"line":94,"column":3}}},"11":{"name":"(anonymous_12)","decl":{"start":{"line":95,"column":9},"end":{"line":95,"column":12}},"loc":{"start":{"line":95,"column":16},"end":{"line":95,"column":53}}},"12":{"name":"(anonymous_13)","decl":{"start":{"line":99,"column":28},"end":{"line":99,"column":29}},"loc":{"start":{"line":99,"column":48},"end":{"line":118,"column":1}}},"13":{"name":"(anonymous_14)","decl":{"start":{"line":112,"column":8},"end":{"line":112,"column":11}},"loc":{"start":{"line":112,"column":13},"end":{"line":114,"column":3}}},"14":{"name":"(anonymous_15)","decl":{"start":{"line":115,"column":9},"end":{"line":115,"column":12}},"loc":{"start":{"line":115,"column":16},"end":{"line":115,"column":53}}}},"branchMap":{"0":{"loc":{"start":{"line":61,"column":1},"end":{"line":65,"column":null}},"type":"if","locations":[{"start":{"line":61,"column":1},"end":{"line":65,"column":null}},{"start":{"line":61,"column":1},"end":{"line":65,"column":null}}]},"1":{"loc":{"start":{"line":105,"column":1},"end":{"line":109,"column":null}},"type":"if","locations":[{"start":{"line":105,"column":1},"end":{"line":109,"column":null}},{"start":{"line":105,"column":1},"end":{"line":109,"column":null}}]}},"s":{"0":1,"1":1,"2":1,"3":1,"4":1,"5":1,"6":1,"7":1,"8":4,"9":4,"10":1,"11":1,"12":3,"13":3,"14":3,"15":0,"16":1,"17":1,"18":1,"19":0,"20":1,"21":2,"22":1,"23":1,"24":1,"25":2,"26":1,"27":1,"28":1,"29":2,"30":2,"31":0,"32":0,"33":2,"34":2,"35":0,"36":1},"f":{"0":4,"1":3,"2":0,"3":1,"4":1,"5":0,"6":2,"7":1,"8":1,"9":2,"10":1,"11":1,"12":2,"13":2,"14":0},"b":{"0":[1,3],"1":[0,2]}}
}
