{"/Users/mary_e/Documents/DECAGON TRAINING/Bond Exercises/8. contact-app-api/src/app.ts": {"path":"/Users/mary_e/Documents/DECAGON TRAINING/Bond Exercises/8. contact-app-api/src/app.ts","statementMap":{"0":{"start":{"line":1,"column":0},"end":{"line":1,"column":38}},"1":{"start":{"line":2,"column":0},"end":{"line":2,"column":30}},"2":{"start":{"line":3,"column":0},"end":{"line":3,"column":24}},"3":{"start":{"line":4,"column":0},"end":{"line":4,"column":41}},"4":{"start":{"line":5,"column":0},"end":{"line":5,"column":28}},"5":{"start":{"line":6,"column":0},"end":{"line":6,"column":24}},"6":{"start":{"line":7,"column":0},"end":{"line":7,"column":32}},"7":{"start":{"line":8,"column":0},"end":{"line":8,"column":23}},"8":{"start":{"line":10,"column":0},"end":{"line":10,"column":46}},"9":{"start":{"line":11,"column":0},"end":{"line":11,"column":60}},"10":{"start":{"line":15,"column":12},"end":{"line":15,"column":21}},"11":{"start":{"line":18,"column":0},"end":{"line":18,"column":51}},"12":{"start":{"line":19,"column":0},"end":{"line":19,"column":30}},"13":{"start":{"line":21,"column":0},"end":{"line":21,"column":16}},"14":{"start":{"line":22,"column":0},"end":{"line":22,"column":23}},"15":{"start":{"line":23,"column":0},"end":{"line":23,"column":24}},"16":{"start":{"line":24,"column":0},"end":{"line":24,"column":49}},"17":{"start":{"line":25,"column":0},"end":{"line":25,"column":24}},"18":{"start":{"line":26,"column":0},"end":{"line":26,"column":59}},"19":{"start":{"line":28,"column":12},"end":{"line":28,"column":34}},"20":{"start":{"line":29,"column":0},"end":{"line":29,"column":71}},"21":{"start":{"line":30,"column":19},"end":{"line":30,"column":38}},"22":{"start":{"line":31,"column":0},"end":{"line":33,"column":3}},"23":{"start":{"line":32,"column":1},"end":{"line":32,"column":69}},"24":{"start":{"line":35,"column":0},"end":{"line":35,"column":36}},"25":{"start":{"line":36,"column":0},"end":{"line":36,"column":51}},"26":{"start":{"line":39,"column":0},"end":{"line":41,"column":3}},"27":{"start":{"line":40,"column":1},"end":{"line":40,"column":24}},"28":{"start":{"line":44,"column":0},"end":{"line":52,"column":3}},"29":{"start":{"line":46,"column":1},"end":{"line":46,"column":34}},"30":{"start":{"line":47,"column":1},"end":{"line":47,"column":68}},"31":{"start":{"line":50,"column":1},"end":{"line":50,"column":31}},"32":{"start":{"line":51,"column":1},"end":{"line":51,"column":21}},"33":{"start":{"line":54,"column":0},"end":{"line":54,"column":19}}},"fnMap":{"0":{"name":"(anonymous_1)","decl":{"start":{"line":31,"column":24},"end":{"line":31,"column":27}},"loc":{"start":{"line":31,"column":29},"end":{"line":33,"column":1}}},"1":{"name":"(anonymous_2)","decl":{"start":{"line":39,"column":8},"end":{"line":39,"column":17}},"loc":{"start":{"line":39,"column":33},"end":{"line":41,"column":1}}},"2":{"name":"(anonymous_3)","decl":{"start":{"line":44,"column":8},"end":{"line":44,"column":17}},"loc":{"start":{"line":44,"column":99},"end":{"line":52,"column":1}}}},"branchMap":{"0":{"loc":{"start":{"line":47,"column":59},"end":{"line":47,"column":62}},"type":"cond-expr","locations":[{"start":{"line":47,"column":59},"end":{"line":47,"column":62}},{"start":{"line":47,"column":65},"end":{"line":47,"column":67}}]},"1":{"loc":{"start":{"line":50,"column":12},"end":{"line":50,"column":22}},"type":"binary-expr","locations":[{"start":{"line":50,"column":12},"end":{"line":50,"column":22}},{"start":{"line":50,"column":26},"end":{"line":50,"column":29}}]}},"s":{"0":1,"1":1,"2":1,"3":1,"4":1,"5":1,"6":1,"7":1,"8":1,"9":1,"10":1,"11":1,"12":1,"13":1,"14":1,"15":1,"16":1,"17":1,"18":1,"19":1,"20":1,"21":1,"22":1,"23":1,"24":1,"25":1,"26":1,"27":0,"28":1,"29":0,"30":0,"31":0,"32":0,"33":1},"f":{"0":1,"1":0,"2":0},"b":{"0":[0,0],"1":[0,0]}}
,"/Users/mary_e/Documents/DECAGON TRAINING/Bond Exercises/8. contact-app-api/src/models/contacts.model.ts": {"path":"/Users/mary_e/Documents/DECAGON TRAINING/Bond Exercises/8. contact-app-api/src/models/contacts.model.ts","statementMap":{"0":{"start":{"line":1,"column":0},"end":{"line":1,"column":32}},"1":{"start":{"line":3,"column":15},"end":{"line":3,"column":30}},"2":{"start":{"line":5,"column":22},"end":{"line":15,"column":2}},"3":{"start":{"line":17,"column":13},"end":{"line":17,"column":64}}},"fnMap":{},"branchMap":{},"s":{"0":1,"1":1,"2":1,"3":1},"f":{},"b":{}}
,"/Users/mary_e/Documents/DECAGON TRAINING/Bond Exercises/8. contact-app-api/src/routes/blockedContacts.ts": {"path":"/Users/mary_e/Documents/DECAGON TRAINING/Bond Exercises/8. contact-app-api/src/routes/blockedContacts.ts","statementMap":{"0":{"start":{"line":1,"column":0},"end":{"line":1,"column":30}},"1":{"start":{"line":2,"column":0},"end":{"line":2,"column":28}},"2":{"start":{"line":4,"column":0},"end":{"line":4,"column":53}},"3":{"start":{"line":6,"column":15},"end":{"line":6,"column":31}},"4":{"start":{"line":10,"column":1},"end":{"line":10,"column":68}},"5":{"start":{"line":10,"column":40},"end":{"line":10,"column":66}},"6":{"start":{"line":13,"column":15},"end":{"line":15,"column":2}},"7":{"start":{"line":18,"column":0},"end":{"line":22,"column":3}},"8":{"start":{"line":19,"column":25},"end":{"line":19,"column":37}},"9":{"start":{"line":21,"column":1},"end":{"line":21,"column":43}},"10":{"start":{"line":25,"column":0},"end":{"line":42,"column":3}},"11":{"start":{"line":29,"column":5},"end":{"line":29,"column":105}},"12":{"start":{"line":31,"column":1},"end":{"line":34,"column":null}},"13":{"start":{"line":32,"column":2},"end":{"line":32,"column":34}},"14":{"start":{"line":33,"column":2},"end":{"line":33,"column":9}},"15":{"start":{"line":36,"column":17},"end":{"line":36,"column":93}},"16":{"start":{"line":36,"column":47},"end":{"line":36,"column":92}},"17":{"start":{"line":37,"column":1},"end":{"line":40,"column":null}},"18":{"start":{"line":38,"column":2},"end":{"line":38,"column":36}},"19":{"start":{"line":39,"column":2},"end":{"line":39,"column":9}},"20":{"start":{"line":41,"column":1},"end":{"line":41,"column":88}},"21":{"start":{"line":45,"column":0},"end":{"line":62,"column":3}},"22":{"start":{"line":46,"column":19},"end":{"line":46,"column":47}},"23":{"start":{"line":47,"column":28},"end":{"line":47,"column":46}},"24":{"start":{"line":48,"column":26},"end":{"line":48,"column":104}},"25":{"start":{"line":49,"column":1},"end":{"line":52,"column":null}},"26":{"start":{"line":50,"column":2},"end":{"line":50,"column":34}},"27":{"start":{"line":51,"column":2},"end":{"line":51,"column":9}},"28":{"start":{"line":54,"column":17},"end":{"line":54,"column":93}},"29":{"start":{"line":54,"column":47},"end":{"line":54,"column":92}},"30":{"start":{"line":56,"column":1},"end":{"line":60,"column":null}},"31":{"start":{"line":57,"column":2},"end":{"line":57,"column":28}},"32":{"start":{"line":58,"column":2},"end":{"line":58,"column":36}},"33":{"start":{"line":59,"column":2},"end":{"line":59,"column":9}},"34":{"start":{"line":61,"column":1},"end":{"line":61,"column":89}},"35":{"start":{"line":64,"column":0},"end":{"line":64,"column":22}}},"fnMap":{"0":{"name":"getBlocked","decl":{"start":{"line":9,"column":9},"end":{"line":9,"column":19}},"loc":{"start":{"line":9,"column":19},"end":{"line":11,"column":1}}},"1":{"name":"(anonymous_2)","decl":{"start":{"line":10,"column":29},"end":{"line":10,"column":36}},"loc":{"start":{"line":10,"column":40},"end":{"line":10,"column":66}}},"2":{"name":"(anonymous_3)","decl":{"start":{"line":18,"column":16},"end":{"line":18,"column":17}},"loc":{"start":{"line":18,"column":37},"end":{"line":22,"column":1}}},"3":{"name":"(anonymous_4)","decl":{"start":{"line":25,"column":26},"end":{"line":25,"column":27}},"loc":{"start":{"line":25,"column":46},"end":{"line":42,"column":1}}},"4":{"name":"(anonymous_5)","decl":{"start":{"line":36,"column":36},"end":{"line":36,"column":43}},"loc":{"start":{"line":36,"column":47},"end":{"line":36,"column":92}}},"5":{"name":"(anonymous_6)","decl":{"start":{"line":45,"column":28},"end":{"line":45,"column":29}},"loc":{"start":{"line":45,"column":48},"end":{"line":62,"column":1}}},"6":{"name":"(anonymous_7)","decl":{"start":{"line":54,"column":36},"end":{"line":54,"column":43}},"loc":{"start":{"line":54,"column":47},"end":{"line":54,"column":92}}}},"branchMap":{"0":{"loc":{"start":{"line":31,"column":1},"end":{"line":34,"column":null}},"type":"if","locations":[{"start":{"line":31,"column":1},"end":{"line":34,"column":null}},{"start":{"line":31,"column":1},"end":{"line":34,"column":null}}]},"1":{"loc":{"start":{"line":36,"column":47},"end":{"line":36,"column":71}},"type":"binary-expr","locations":[{"start":{"line":36,"column":47},"end":{"line":36,"column":71}},{"start":{"line":36,"column":75},"end":{"line":36,"column":92}}]},"2":{"loc":{"start":{"line":37,"column":1},"end":{"line":40,"column":null}},"type":"if","locations":[{"start":{"line":37,"column":1},"end":{"line":40,"column":null}},{"start":{"line":37,"column":1},"end":{"line":40,"column":null}}]},"3":{"loc":{"start":{"line":49,"column":1},"end":{"line":52,"column":null}},"type":"if","locations":[{"start":{"line":49,"column":1},"end":{"line":52,"column":null}},{"start":{"line":49,"column":1},"end":{"line":52,"column":null}}]},"4":{"loc":{"start":{"line":54,"column":47},"end":{"line":54,"column":71}},"type":"binary-expr","locations":[{"start":{"line":54,"column":47},"end":{"line":54,"column":71}},{"start":{"line":54,"column":75},"end":{"line":54,"column":92}}]},"5":{"loc":{"start":{"line":56,"column":1},"end":{"line":60,"column":null}},"type":"if","locations":[{"start":{"line":56,"column":1},"end":{"line":60,"column":null}},{"start":{"line":56,"column":1},"end":{"line":60,"column":null}}]},"6":{"loc":{"start":{"line":56,"column":5},"end":{"line":56,"column":12}},"type":"binary-expr","locations":[{"start":{"line":56,"column":5},"end":{"line":56,"column":12}},{"start":{"line":56,"column":16},"end":{"line":56,"column":21}}]}},"s":{"0":1,"1":1,"2":1,"3":1,"4":1,"5":2,"6":1,"7":1,"8":1,"9":1,"10":1,"11":1,"12":1,"13":0,"14":0,"15":1,"16":2,"17":1,"18":1,"19":1,"20":0,"21":1,"22":1,"23":1,"24":1,"25":1,"26":0,"27":0,"28":1,"29":2,"30":1,"31":1,"32":1,"33":1,"34":0,"35":1},"f":{"0":1,"1":2,"2":1,"3":1,"4":2,"5":1,"6":2},"b":{"0":[0,1],"1":[2,1],"2":[1,0],"3":[0,1],"4":[2,1],"5":[1,0],"6":[1,1]}}
,"/Users/mary_e/Documents/DECAGON TRAINING/Bond Exercises/8. contact-app-api/src/routes/contacts.ts": {"path":"/Users/mary_e/Documents/DECAGON TRAINING/Bond Exercises/8. contact-app-api/src/routes/contacts.ts","statementMap":{"0":{"start":{"line":1,"column":0},"end":{"line":1,"column":30}},"1":{"start":{"line":2,"column":0},"end":{"line":2,"column":28}},"2":{"start":{"line":3,"column":0},"end":{"line":3,"column":51}},"3":{"start":{"line":5,"column":15},"end":{"line":5,"column":31}},"4":{"start":{"line":29,"column":13},"end":{"line":29,"column":58}},"5":{"start":{"line":32,"column":15},"end":{"line":32,"column":88}},"6":{"start":{"line":33,"column":1},"end":{"line":33,"column":14}},"7":{"start":{"line":38,"column":1},"end":{"line":38,"column":69}},"8":{"start":{"line":38,"column":40},"end":{"line":38,"column":67}},"9":{"start":{"line":42,"column":22},"end":{"line":42,"column":49}},"10":{"start":{"line":45,"column":22},"end":{"line":65,"column":2}},"11":{"start":{"line":68,"column":28},"end":{"line":74,"column":2}},"12":{"start":{"line":77,"column":13},"end":{"line":82,"column":2}},"13":{"start":{"line":85,"column":0},"end":{"line":104,"column":3}},"14":{"start":{"line":86,"column":26},"end":{"line":89,"column":3}},"15":{"start":{"line":91,"column":1},"end":{"line":95,"column":null}},"16":{"start":{"line":92,"column":2},"end":{"line":92,"column":34}},"17":{"start":{"line":94,"column":2},"end":{"line":94,"column":9}},"18":{"start":{"line":97,"column":12},"end":{"line":97,"column":25}},"19":{"start":{"line":98,"column":19},"end":{"line":98,"column":43}},"20":{"start":{"line":99,"column":19},"end":{"line":99,"column":24}},"21":{"start":{"line":100,"column":20},"end":{"line":100,"column":55}},"22":{"start":{"line":101,"column":1},"end":{"line":101,"column":32}},"23":{"start":{"line":103,"column":1},"end":{"line":103,"column":38}},"24":{"start":{"line":107,"column":0},"end":{"line":111,"column":3}},"25":{"start":{"line":108,"column":1},"end":{"line":110,"column":55}},"26":{"start":{"line":109,"column":20},"end":{"line":109,"column":50}},"27":{"start":{"line":110,"column":16},"end":{"line":110,"column":53}},"28":{"start":{"line":114,"column":0},"end":{"line":135,"column":3}},"29":{"start":{"line":118,"column":5},"end":{"line":118,"column":105}},"30":{"start":{"line":120,"column":1},"end":{"line":124,"column":null}},"31":{"start":{"line":121,"column":2},"end":{"line":121,"column":34}},"32":{"start":{"line":123,"column":2},"end":{"line":123,"column":9}},"33":{"start":{"line":126,"column":17},"end":{"line":126,"column":94}},"34":{"start":{"line":126,"column":47},"end":{"line":126,"column":93}},"35":{"start":{"line":128,"column":1},"end":{"line":132,"column":null}},"36":{"start":{"line":129,"column":2},"end":{"line":129,"column":107}},"37":{"start":{"line":131,"column":2},"end":{"line":131,"column":9}},"38":{"start":{"line":134,"column":1},"end":{"line":134,"column":35}},"39":{"start":{"line":138,"column":0},"end":{"line":162,"column":3}},"40":{"start":{"line":142,"column":5},"end":{"line":142,"column":105}},"41":{"start":{"line":144,"column":1},"end":{"line":147,"column":null}},"42":{"start":{"line":145,"column":2},"end":{"line":145,"column":34}},"43":{"start":{"line":146,"column":2},"end":{"line":146,"column":9}},"44":{"start":{"line":149,"column":1},"end":{"line":159,"column":null}},"45":{"start":{"line":150,"column":18},"end":{"line":150,"column":38}},"46":{"start":{"line":152,"column":2},"end":{"line":158,"column":null}},"47":{"start":{"line":153,"column":3},"end":{"line":153,"column":42}},"48":{"start":{"line":154,"column":20},"end":{"line":154,"column":34}},"49":{"start":{"line":156,"column":3},"end":{"line":156,"column":38}},"50":{"start":{"line":157,"column":3},"end":{"line":157,"column":10}},"51":{"start":{"line":161,"column":1},"end":{"line":161,"column":81}},"52":{"start":{"line":165,"column":0},"end":{"line":207,"column":3}},"53":{"start":{"line":176,"column":19},"end":{"line":176,"column":47}},"54":{"start":{"line":178,"column":26},"end":{"line":181,"column":3}},"55":{"start":{"line":183,"column":1},"end":{"line":187,"column":null}},"56":{"start":{"line":184,"column":2},"end":{"line":184,"column":34}},"57":{"start":{"line":186,"column":2},"end":{"line":186,"column":9}},"58":{"start":{"line":190,"column":17},"end":{"line":190,"column":94}},"59":{"start":{"line":190,"column":47},"end":{"line":190,"column":93}},"60":{"start":{"line":192,"column":1},"end":{"line":205,"column":null}},"61":{"start":{"line":194,"column":2},"end":{"line":196,"column":null}},"62":{"start":{"line":195,"column":3},"end":{"line":195,"column":28}},"63":{"start":{"line":199,"column":2},"end":{"line":199,"column":25}},"64":{"start":{"line":200,"column":16},"end":{"line":200,"column":49}},"65":{"start":{"line":201,"column":2},"end":{"line":201,"column":27}},"66":{"start":{"line":202,"column":2},"end":{"line":202,"column":36}},"67":{"start":{"line":204,"column":2},"end":{"line":204,"column":9}},"68":{"start":{"line":206,"column":1},"end":{"line":206,"column":116}},"69":{"start":{"line":209,"column":0},"end":{"line":209,"column":22}}},"fnMap":{"0":{"name":"idGenerator","decl":{"start":{"line":31,"column":9},"end":{"line":31,"column":20}},"loc":{"start":{"line":31,"column":20},"end":{"line":34,"column":1}}},"1":{"name":"getUnblocked","decl":{"start":{"line":37,"column":9},"end":{"line":37,"column":21}},"loc":{"start":{"line":37,"column":21},"end":{"line":39,"column":1}}},"2":{"name":"(anonymous_3)","decl":{"start":{"line":38,"column":29},"end":{"line":38,"column":36}},"loc":{"start":{"line":38,"column":40},"end":{"line":38,"column":67}}},"3":{"name":"(anonymous_4)","decl":{"start":{"line":85,"column":17},"end":{"line":85,"column":18}},"loc":{"start":{"line":85,"column":37},"end":{"line":104,"column":1}}},"4":{"name":"(anonymous_5)","decl":{"start":{"line":107,"column":16},"end":{"line":107,"column":17}},"loc":{"start":{"line":107,"column":37},"end":{"line":111,"column":1}}},"5":{"name":"(anonymous_6)","decl":{"start":{"line":109,"column":8},"end":{"line":109,"column":16}},"loc":{"start":{"line":109,"column":20},"end":{"line":109,"column":50}}},"6":{"name":"(anonymous_7)","decl":{"start":{"line":110,"column":9},"end":{"line":110,"column":12}},"loc":{"start":{"line":110,"column":16},"end":{"line":110,"column":53}}},"7":{"name":"(anonymous_8)","decl":{"start":{"line":114,"column":26},"end":{"line":114,"column":27}},"loc":{"start":{"line":114,"column":46},"end":{"line":135,"column":1}}},"8":{"name":"(anonymous_9)","decl":{"start":{"line":126,"column":36},"end":{"line":126,"column":43}},"loc":{"start":{"line":126,"column":47},"end":{"line":126,"column":93}}},"9":{"name":"(anonymous_10)","decl":{"start":{"line":138,"column":29},"end":{"line":138,"column":30}},"loc":{"start":{"line":138,"column":49},"end":{"line":162,"column":1}}},"10":{"name":"(anonymous_11)","decl":{"start":{"line":165,"column":28},"end":{"line":165,"column":29}},"loc":{"start":{"line":165,"column":48},"end":{"line":207,"column":1}}},"11":{"name":"(anonymous_12)","decl":{"start":{"line":190,"column":36},"end":{"line":190,"column":43}},"loc":{"start":{"line":190,"column":47},"end":{"line":190,"column":93}}}},"branchMap":{"0":{"loc":{"start":{"line":32,"column":38},"end":{"line":32,"column":84}},"type":"cond-expr","locations":[{"start":{"line":32,"column":38},"end":{"line":32,"column":84}},{"start":{"line":32,"column":87},"end":{"line":32,"column":88}}]},"1":{"loc":{"start":{"line":91,"column":1},"end":{"line":95,"column":null}},"type":"if","locations":[{"start":{"line":91,"column":1},"end":{"line":95,"column":null}},{"start":{"line":91,"column":1},"end":{"line":95,"column":null}}]},"2":{"loc":{"start":{"line":120,"column":1},"end":{"line":124,"column":null}},"type":"if","locations":[{"start":{"line":120,"column":1},"end":{"line":124,"column":null}},{"start":{"line":120,"column":1},"end":{"line":124,"column":null}}]},"3":{"loc":{"start":{"line":126,"column":47},"end":{"line":126,"column":71}},"type":"binary-expr","locations":[{"start":{"line":126,"column":47},"end":{"line":126,"column":71}},{"start":{"line":126,"column":75},"end":{"line":126,"column":93}}]},"4":{"loc":{"start":{"line":128,"column":1},"end":{"line":132,"column":null}},"type":"if","locations":[{"start":{"line":128,"column":1},"end":{"line":132,"column":null}},{"start":{"line":128,"column":1},"end":{"line":132,"column":null}}]},"5":{"loc":{"start":{"line":144,"column":1},"end":{"line":147,"column":null}},"type":"if","locations":[{"start":{"line":144,"column":1},"end":{"line":147,"column":null}},{"start":{"line":144,"column":1},"end":{"line":147,"column":null}}]},"6":{"loc":{"start":{"line":152,"column":2},"end":{"line":158,"column":null}},"type":"if","locations":[{"start":{"line":152,"column":2},"end":{"line":158,"column":null}},{"start":{"line":152,"column":2},"end":{"line":158,"column":null}}]},"7":{"loc":{"start":{"line":183,"column":1},"end":{"line":187,"column":null}},"type":"if","locations":[{"start":{"line":183,"column":1},"end":{"line":187,"column":null}},{"start":{"line":183,"column":1},"end":{"line":187,"column":null}}]},"8":{"loc":{"start":{"line":190,"column":47},"end":{"line":190,"column":71}},"type":"binary-expr","locations":[{"start":{"line":190,"column":47},"end":{"line":190,"column":71}},{"start":{"line":190,"column":75},"end":{"line":190,"column":93}}]},"9":{"loc":{"start":{"line":192,"column":1},"end":{"line":205,"column":null}},"type":"if","locations":[{"start":{"line":192,"column":1},"end":{"line":205,"column":null}},{"start":{"line":192,"column":1},"end":{"line":205,"column":null}}]},"10":{"loc":{"start":{"line":192,"column":5},"end":{"line":192,"column":12}},"type":"binary-expr","locations":[{"start":{"line":192,"column":5},"end":{"line":192,"column":12}},{"start":{"line":192,"column":16},"end":{"line":192,"column":21}}]},"11":{"loc":{"start":{"line":194,"column":2},"end":{"line":196,"column":null}},"type":"if","locations":[{"start":{"line":194,"column":2},"end":{"line":196,"column":null}},{"start":{"line":194,"column":2},"end":{"line":196,"column":null}}]}},"s":{"0":1,"1":1,"2":1,"3":1,"4":1,"5":3,"6":3,"7":1,"8":2,"9":1,"10":1,"11":1,"12":1,"13":1,"14":4,"15":4,"16":1,"17":1,"18":3,"19":3,"20":3,"21":3,"22":3,"23":3,"24":1,"25":1,"26":1,"27":0,"28":1,"29":2,"30":2,"31":0,"32":0,"33":2,"34":5,"35":2,"36":1,"37":1,"38":1,"39":1,"40":2,"41":2,"42":1,"43":1,"44":1,"45":1,"46":1,"47":1,"48":1,"49":1,"50":1,"51":0,"52":1,"53":2,"54":2,"55":2,"56":0,"57":0,"58":2,"59":3,"60":2,"61":2,"62":1,"63":2,"64":2,"65":2,"66":2,"67":2,"68":0,"69":1},"f":{"0":3,"1":1,"2":2,"3":4,"4":1,"5":1,"6":0,"7":2,"8":5,"9":2,"10":2,"11":3},"b":{"0":[2,1],"1":[1,3],"2":[0,2],"3":[5,1],"4":[1,1],"5":[1,1],"6":[1,0],"7":[0,2],"8":[3,2],"9":[2,0],"10":[2,2],"11":[1,1]}}
}
