TN:
SF:/Users/mary_e/Documents/DECAGON TRAINING/Bond Exercises/8. contact-app-api/src/app.ts
FN:32,(anonymous_1)
FN:40,(anonymous_2)
FN:45,(anonymous_3)
FNF:3
FNH:1
FNDA:1,(anonymous_1)
FNDA:0,(anonymous_2)
FNDA:0,(anonymous_3)
DA:1,1
DA:2,1
DA:3,1
DA:4,1
DA:5,1
DA:6,1
DA:7,1
DA:8,1
DA:10,1
DA:11,1
DA:15,1
DA:18,1
DA:19,1
DA:21,1
DA:22,1
DA:23,1
DA:24,1
DA:25,1
DA:26,1
DA:28,1
DA:29,1
DA:31,1
DA:32,1
DA:33,1
DA:36,1
DA:37,1
DA:40,1
DA:41,0
DA:45,1
DA:47,0
DA:48,0
DA:51,0
DA:52,0
DA:55,1
LF:34
LH:29
BRDA:48,0,0,0
BRDA:48,0,1,0
BRDA:51,1,0,0
BRDA:51,1,1,0
BRF:4
BRH:0
end_of_record
TN:
SF:/Users/mary_e/Documents/DECAGON TRAINING/Bond Exercises/8. contact-app-api/src/models/contacts.model.ts
FNF:0
FNH:0
DA:1,1
DA:9,1
DA:11,1
DA:19,1
LF:4
LH:4
BRF:0
BRH:0
end_of_record
TN:
SF:/Users/mary_e/Documents/DECAGON TRAINING/Bond Exercises/8. contact-app-api/src/routes/blockedContacts.ts
FN:19,(anonymous_1)
FN:21,(anonymous_2)
FN:22,(anonymous_3)
FNF:3
FNH:2
FNDA:1,(anonymous_1)
FNDA:1,(anonymous_2)
FNDA:0,(anonymous_3)
DA:1,1
DA:3,1
DA:7,1
DA:19,1
DA:20,1
DA:21,1
DA:22,0
DA:65,1
LF:8
LH:7
BRF:0
BRH:0
end_of_record
TN:
SF:/Users/mary_e/Documents/DECAGON TRAINING/Bond Exercises/8. contact-app-api/src/routes/contacts.ts
FN:51,(anonymous_1)
FN:71,(anonymous_2)
FN:72,(anonymous_3)
FN:76,(anonymous_4)
FN:78,(anonymous_5)
FN:79,(anonymous_6)
FN:83,(anonymous_7)
FN:85,(anonymous_8)
FN:86,(anonymous_9)
FN:90,(anonymous_10)
FN:92,(anonymous_11)
FN:95,(anonymous_12)
FN:99,(anonymous_13)
FN:112,(anonymous_14)
FN:115,(anonymous_15)
FNF:15
FNH:12
FNDA:4,(anonymous_1)
FNDA:3,(anonymous_2)
FNDA:0,(anonymous_3)
FNDA:1,(anonymous_4)
FNDA:1,(anonymous_5)
FNDA:0,(anonymous_6)
FNDA:2,(anonymous_7)
FNDA:1,(anonymous_8)
FNDA:1,(anonymous_9)
FNDA:2,(anonymous_10)
FNDA:1,(anonymous_11)
FNDA:1,(anonymous_12)
FNDA:2,(anonymous_13)
FNDA:2,(anonymous_14)
FNDA:0,(anonymous_15)
DA:1,1
DA:2,1
DA:3,1
DA:5,1
DA:16,1
DA:19,1
DA:42,1
DA:51,1
DA:52,4
DA:61,4
DA:62,1
DA:64,1
DA:67,3
DA:69,3
DA:71,3
DA:72,0
DA:76,1
DA:77,1
DA:78,1
DA:79,0
DA:83,1
DA:84,2
DA:85,1
DA:86,1
DA:90,1
DA:91,2
DA:93,1
DA:95,1
DA:99,1
DA:100,2
DA:105,2
DA:106,0
DA:108,0
DA:111,2
DA:113,2
DA:115,0
DA:120,1
LF:37
LH:32
BRDA:61,0,0,1
BRDA:61,0,1,3
BRDA:105,1,0,0
BRDA:105,1,1,2
BRF:4
BRH:3
end_of_record
