TN:
SF:/Users/mary_e/Documents/DECAGON TRAINING/Bond Exercises/8. contact-app-api/src/app.ts
FN:31,(anonymous_1)
FN:39,(anonymous_2)
FN:44,(anonymous_3)
FNF:3
FNH:1
FNDA:1,(anonymous_1)
FNDA:0,(anonymous_2)
FNDA:0,(anonymous_3)
DA:1,1
DA:2,1
DA:3,1
DA:4,1
DA:5,1
DA:6,1
DA:7,1
DA:8,1
DA:10,1
DA:11,1
DA:15,1
DA:18,1
DA:19,1
DA:21,1
DA:22,1
DA:23,1
DA:24,1
DA:25,1
DA:26,1
DA:28,1
DA:29,1
DA:30,1
DA:31,1
DA:32,1
DA:35,1
DA:36,1
DA:39,1
DA:40,0
DA:44,1
DA:46,0
DA:47,0
DA:50,0
DA:51,0
DA:54,1
LF:34
LH:29
BRDA:47,0,0,0
BRDA:47,0,1,0
BRDA:50,1,0,0
BRDA:50,1,1,0
BRF:4
BRH:0
end_of_record
TN:
SF:/Users/mary_e/Documents/DECAGON TRAINING/Bond Exercises/8. contact-app-api/src/models/contacts.model.ts
FNF:0
FNH:0
DA:1,1
DA:3,1
DA:5,1
DA:17,1
LF:4
LH:4
BRF:0
BRH:0
end_of_record
TN:
SF:/Users/mary_e/Documents/DECAGON TRAINING/Bond Exercises/8. contact-app-api/src/routes/blockedContacts.ts
FN:9,getBlocked
FN:10,(anonymous_2)
FN:18,(anonymous_3)
FN:25,(anonymous_4)
FN:36,(anonymous_5)
FN:45,(anonymous_6)
FN:54,(anonymous_7)
FNF:7
FNH:7
FNDA:1,getBlocked
FNDA:2,(anonymous_2)
FNDA:1,(anonymous_3)
FNDA:1,(anonymous_4)
FNDA:2,(anonymous_5)
FNDA:1,(anonymous_6)
FNDA:2,(anonymous_7)
DA:1,1
DA:2,1
DA:4,1
DA:6,1
DA:10,2
DA:13,1
DA:18,1
DA:19,1
DA:21,1
DA:25,1
DA:29,1
DA:31,1
DA:32,0
DA:33,0
DA:36,2
DA:37,1
DA:38,1
DA:39,1
DA:41,0
DA:45,1
DA:46,1
DA:47,1
DA:48,1
DA:49,1
DA:50,0
DA:51,0
DA:54,2
DA:56,1
DA:57,1
DA:58,1
DA:59,1
DA:61,0
DA:64,1
LF:33
LH:27
BRDA:31,0,0,0
BRDA:31,0,1,1
BRDA:36,1,0,2
BRDA:36,1,1,1
BRDA:37,2,0,1
BRDA:37,2,1,0
BRDA:49,3,0,0
BRDA:49,3,1,1
BRDA:54,4,0,2
BRDA:54,4,1,1
BRDA:56,5,0,1
BRDA:56,5,1,0
BRDA:56,6,0,1
BRDA:56,6,1,1
BRF:14
BRH:10
end_of_record
TN:
SF:/Users/mary_e/Documents/DECAGON TRAINING/Bond Exercises/8. contact-app-api/src/routes/contacts.ts
FN:31,idGenerator
FN:37,getUnblocked
FN:38,(anonymous_3)
FN:85,(anonymous_4)
FN:107,(anonymous_5)
FN:109,(anonymous_6)
FN:110,(anonymous_7)
FN:114,(anonymous_8)
FN:126,(anonymous_9)
FN:138,(anonymous_10)
FN:165,(anonymous_11)
FN:190,(anonymous_12)
FNF:12
FNH:11
FNDA:3,idGenerator
FNDA:1,getUnblocked
FNDA:2,(anonymous_3)
FNDA:4,(anonymous_4)
FNDA:1,(anonymous_5)
FNDA:1,(anonymous_6)
FNDA:0,(anonymous_7)
FNDA:2,(anonymous_8)
FNDA:5,(anonymous_9)
FNDA:2,(anonymous_10)
FNDA:2,(anonymous_11)
FNDA:3,(anonymous_12)
DA:1,1
DA:2,1
DA:3,1
DA:5,1
DA:29,1
DA:32,3
DA:33,3
DA:38,2
DA:42,1
DA:45,1
DA:68,1
DA:77,1
DA:85,1
DA:86,4
DA:91,4
DA:92,1
DA:94,1
DA:97,3
DA:98,3
DA:99,3
DA:100,3
DA:101,3
DA:103,3
DA:107,1
DA:108,1
DA:109,1
DA:110,0
DA:114,1
DA:118,2
DA:120,2
DA:121,0
DA:123,0
DA:126,5
DA:128,2
DA:129,1
DA:131,1
DA:134,1
DA:138,1
DA:142,2
DA:144,2
DA:145,1
DA:146,1
DA:149,1
DA:150,1
DA:152,1
DA:153,1
DA:154,1
DA:156,1
DA:157,1
DA:161,0
DA:165,1
DA:176,2
DA:178,2
DA:183,2
DA:184,0
DA:186,0
DA:190,3
DA:192,2
DA:194,2
DA:195,1
DA:199,2
DA:200,2
DA:201,2
DA:202,2
DA:204,2
DA:206,0
DA:209,1
LF:67
LH:60
BRDA:32,0,0,2
BRDA:32,0,1,1
BRDA:91,1,0,1
BRDA:91,1,1,3
BRDA:120,2,0,0
BRDA:120,2,1,2
BRDA:126,3,0,5
BRDA:126,3,1,1
BRDA:128,4,0,1
BRDA:128,4,1,1
BRDA:144,5,0,1
BRDA:144,5,1,1
BRDA:152,6,0,1
BRDA:152,6,1,0
BRDA:183,7,0,0
BRDA:183,7,1,2
BRDA:190,8,0,3
BRDA:190,8,1,2
BRDA:192,9,0,2
BRDA:192,9,1,0
BRDA:192,10,0,2
BRDA:192,10,1,2
BRDA:194,11,0,1
BRDA:194,11,1,1
BRF:24
BRH:20
end_of_record
